<?xml version="1.0" encoding="UTF-8"?>
<!-- Generated by org.testng.reporters.JUnitReportReporter -->
<testsuite hostname="Arunesh" failures="0" tests="1" name="com.sele.Login.Loginage" time="13.534" errors="0" timestamp="2021-01-22T22:15:10 IST" skipped="0">
  <testcase classname="com.sele.Login.Loginage" name="log" time="13.534"/>
</testsuite> <!-- com.sele.Login.Loginage -->
